{"/home/ladysun/dev/lionmiss-back/src/model/LMBCart.ts": {"path":"/home/ladysun/dev/lionmiss-back/src/model/LMBCart.ts","statementMap":{"0":{"start":{"line":1,"column":0},"end":{"line":1,"column":41}},"1":{"start":{"line":2,"column":0},"end":{"line":2,"column":null}},"2":{"start":{"line":9,"column":0},"end":{"line":9,"column":45}},"3":{"start":{"line":11,"column":26},"end":{"line":16,"column":2}},"4":{"start":{"line":26,"column":9},"end":{"line":26,"column":26}},"5":{"start":{"line":18,"column":19},"end":{"line":22,"column":2}},"6":{"start":{"line":26,"column":28},"end":{"line":26,"column":38}},"7":{"start":{"line":24,"column":18},"end":{"line":24,"column":59}},"8":{"start":{"line":26,"column":40},"end":{"line":26,"column":49}}},"fnMap":{},"branchMap":{},"s":{"0":1,"1":1,"2":1,"3":1,"4":1,"5":1,"6":1,"7":1,"8":1},"f":{},"b":{}}
,"/home/ladysun/dev/lionmiss-back/src/model/LMBCountry.ts": {"path":"/home/ladysun/dev/lionmiss-back/src/model/LMBCountry.ts","statementMap":{"0":{"start":{"line":1,"column":0},"end":{"line":1,"column":41}},"1":{"start":{"line":4,"column":22},"end":{"line":9,"column":2}},"2":{"start":{"line":13,"column":9},"end":{"line":13,"column":22}},"3":{"start":{"line":11,"column":21},"end":{"line":11,"column":74}},"4":{"start":{"line":13,"column":24},"end":{"line":13,"column":36}}},"fnMap":{},"branchMap":{},"s":{"0":1,"1":1,"2":1,"3":1,"4":1},"f":{},"b":{}}
,"/home/ladysun/dev/lionmiss-back/src/model/LMBProduct.ts": {"path":"/home/ladysun/dev/lionmiss-back/src/model/LMBProduct.ts","statementMap":{"0":{"start":{"line":1,"column":0},"end":{"line":1,"column":41}},"1":{"start":{"line":4,"column":18},"end":{"line":9,"column":2}},"2":{"start":{"line":28,"column":9},"end":{"line":28,"column":18}},"3":{"start":{"line":11,"column":27},"end":{"line":14,"column":2}},"4":{"start":{"line":28,"column":20},"end":{"line":28,"column":38}},"5":{"start":{"line":16,"column":22},"end":{"line":24,"column":2}},"6":{"start":{"line":28,"column":40},"end":{"line":28,"column":53}},"7":{"start":{"line":26,"column":21},"end":{"line":26,"column":74}},"8":{"start":{"line":28,"column":55},"end":{"line":28,"column":67}}},"fnMap":{},"branchMap":{},"s":{"0":1,"1":1,"2":1,"3":1,"4":1,"5":1,"6":1,"7":1,"8":1},"f":{},"b":{}}
,"/home/ladysun/dev/lionmiss-back/src/model/LMBShipping.ts": {"path":"/home/ladysun/dev/lionmiss-back/src/model/LMBShipping.ts","statementMap":{"0":{"start":{"line":1,"column":0},"end":{"line":1,"column":41}},"1":{"start":{"line":3,"column":0},"end":{"line":3,"column":39}},"2":{"start":{"line":5,"column":23},"end":{"line":12,"column":2}},"3":{"start":{"line":16,"column":9},"end":{"line":16,"column":23}},"4":{"start":{"line":14,"column":22},"end":{"line":14,"column":79}},"5":{"start":{"line":16,"column":25},"end":{"line":16,"column":38}}},"fnMap":{},"branchMap":{},"s":{"0":1,"1":1,"2":1,"3":1,"4":1,"5":1},"f":{},"b":{}}
,"/home/ladysun/dev/lionmiss-back/src/model/LMBUser.ts": {"path":"/home/ladysun/dev/lionmiss-back/src/model/LMBUser.ts","statementMap":{"0":{"start":{"line":1,"column":0},"end":{"line":1,"column":41}},"1":{"start":{"line":3,"column":0},"end":{"line":3,"column":39}},"2":{"start":{"line":5,"column":21},"end":{"line":16,"column":2}},"3":{"start":{"line":44,"column":2},"end":{"line":44,"column":14}},"4":{"start":{"line":18,"column":23},"end":{"line":23,"column":2}},"5":{"start":{"line":45,"column":2},"end":{"line":45,"column":16}},"6":{"start":{"line":25,"column":19},"end":{"line":33,"column":2}},"7":{"start":{"line":46,"column":2},"end":{"line":46,"column":12}},"8":{"start":{"line":35,"column":23},"end":{"line":39,"column":2}},"9":{"start":{"line":47,"column":2},"end":{"line":47,"column":16}},"10":{"start":{"line":41,"column":22},"end":{"line":41,"column":63}},"11":{"start":{"line":48,"column":2},"end":{"line":48,"column":15}}},"fnMap":{},"branchMap":{},"s":{"0":1,"1":1,"2":1,"3":1,"4":1,"5":1,"6":1,"7":1,"8":1,"9":1,"10":1,"11":1},"f":{},"b":{}}
,"/home/ladysun/dev/lionmiss-back/src/model/index.ts": {"path":"/home/ladysun/dev/lionmiss-back/src/model/index.ts","statementMap":{"0":{"start":{"line":1,"column":0},"end":{"line":1,"column":9}},"1":{"start":{"line":1,"column":9},"end":{"line":1,"column":28}},"2":{"start":{"line":1,"column":28},"end":{"line":1,"column":40}},"3":{"start":{"line":1,"column":40},"end":{"line":1,"column":69}},"4":{"start":{"line":2,"column":0},"end":{"line":2,"column":9}},"5":{"start":{"line":2,"column":9},"end":{"line":2,"column":24}},"6":{"start":{"line":2,"column":24},"end":{"line":2,"column":59}},"7":{"start":{"line":3,"column":0},"end":{"line":3,"column":null}},"8":{"start":{"line":4,"column":2},"end":{"line":4,"column":null}},"9":{"start":{"line":5,"column":2},"end":{"line":5,"column":null}},"10":{"start":{"line":6,"column":2},"end":{"line":6,"column":null}},"11":{"start":{"line":7,"column":2},"end":{"line":7,"column":null}},"12":{"start":{"line":9,"column":0},"end":{"line":9,"column":9}},"13":{"start":{"line":9,"column":9},"end":{"line":9,"column":25}},"14":{"start":{"line":9,"column":25},"end":{"line":9,"column":62}},"15":{"start":{"line":10,"column":0},"end":{"line":10,"column":null}},"16":{"start":{"line":11,"column":2},"end":{"line":11,"column":null}},"17":{"start":{"line":12,"column":2},"end":{"line":12,"column":null}},"18":{"start":{"line":13,"column":2},"end":{"line":13,"column":null}},"19":{"start":{"line":14,"column":2},"end":{"line":14,"column":null}},"20":{"start":{"line":15,"column":2},"end":{"line":15,"column":null}}},"fnMap":{"0":{"name":"(anonymous_0)","decl":{"start":{"line":1,"column":9},"end":{"line":1,"column":26}},"loc":{"start":{"line":1,"column":9},"end":{"line":1,"column":28}}},"1":{"name":"(anonymous_1)","decl":{"start":{"line":1,"column":28},"end":{"line":1,"column":38}},"loc":{"start":{"line":1,"column":28},"end":{"line":1,"column":40}}},"2":{"name":"(anonymous_2)","decl":{"start":{"line":1,"column":40},"end":{"line":1,"column":49}},"loc":{"start":{"line":1,"column":40},"end":{"line":1,"column":69}}},"3":{"name":"(anonymous_3)","decl":{"start":{"line":2,"column":9},"end":{"line":2,"column":22}},"loc":{"start":{"line":2,"column":9},"end":{"line":2,"column":24}}},"4":{"name":"(anonymous_4)","decl":{"start":{"line":2,"column":24},"end":{"line":2,"column":36}},"loc":{"start":{"line":2,"column":24},"end":{"line":2,"column":59}}},"5":{"name":"(anonymous_5)","decl":{"start":{"line":4,"column":2},"end":{"line":4,"column":11}},"loc":{"start":{"line":4,"column":2},"end":{"line":4,"column":null}}},"6":{"name":"(anonymous_6)","decl":{"start":{"line":5,"column":2},"end":{"line":5,"column":20}},"loc":{"start":{"line":5,"column":2},"end":{"line":5,"column":null}}},"7":{"name":"(anonymous_7)","decl":{"start":{"line":6,"column":2},"end":{"line":6,"column":15}},"loc":{"start":{"line":6,"column":2},"end":{"line":6,"column":null}}},"8":{"name":"(anonymous_8)","decl":{"start":{"line":7,"column":2},"end":{"line":7,"column":14}},"loc":{"start":{"line":7,"column":2},"end":{"line":7,"column":null}}},"9":{"name":"(anonymous_9)","decl":{"start":{"line":9,"column":9},"end":{"line":9,"column":23}},"loc":{"start":{"line":9,"column":9},"end":{"line":9,"column":25}}},"10":{"name":"(anonymous_10)","decl":{"start":{"line":9,"column":25},"end":{"line":9,"column":38}},"loc":{"start":{"line":9,"column":25},"end":{"line":9,"column":62}}},"11":{"name":"(anonymous_11)","decl":{"start":{"line":11,"column":2},"end":{"line":11,"column":14}},"loc":{"start":{"line":11,"column":2},"end":{"line":11,"column":null}}},"12":{"name":"(anonymous_12)","decl":{"start":{"line":12,"column":2},"end":{"line":12,"column":16}},"loc":{"start":{"line":12,"column":2},"end":{"line":12,"column":null}}},"13":{"name":"(anonymous_13)","decl":{"start":{"line":13,"column":2},"end":{"line":13,"column":12}},"loc":{"start":{"line":13,"column":2},"end":{"line":13,"column":null}}},"14":{"name":"(anonymous_14)","decl":{"start":{"line":14,"column":2},"end":{"line":14,"column":16}},"loc":{"start":{"line":14,"column":2},"end":{"line":14,"column":null}}},"15":{"name":"(anonymous_15)","decl":{"start":{"line":15,"column":2},"end":{"line":15,"column":15}},"loc":{"start":{"line":15,"column":2},"end":{"line":15,"column":null}}}},"branchMap":{},"s":{"0":1,"1":1,"2":1,"3":2,"4":1,"5":1,"6":1,"7":1,"8":1,"9":1,"10":1,"11":1,"12":1,"13":1,"14":1,"15":1,"16":1,"17":1,"18":1,"19":1,"20":1},"f":{"0":0,"1":0,"2":1,"3":0,"4":0,"5":0,"6":0,"7":0,"8":0,"9":0,"10":0,"11":0,"12":0,"13":0,"14":0,"15":0},"b":{}}
,"/home/ladysun/dev/lionmiss-back/src/test/model/db.ts": {"path":"/home/ladysun/dev/lionmiss-back/src/test/model/db.ts","statementMap":{"0":{"start":{"line":1,"column":0},"end":{"line":1,"column":47}},"1":{"start":{"line":2,"column":0},"end":{"line":2,"column":58}},"2":{"start":{"line":7,"column":2},"end":{"line":7,"column":43}},"3":{"start":{"line":8,"column":14},"end":{"line":8,"column":28}},"4":{"start":{"line":9,"column":2},"end":{"line":9,"column":21}},"5":{"start":{"line":25,"column":9},"end":{"line":25,"column":14}},"6":{"start":{"line":13,"column":2},"end":{"line":13,"column":34}},"7":{"start":{"line":14,"column":2},"end":{"line":14,"column":27}},"8":{"start":{"line":15,"column":2},"end":{"line":15,"column":21}},"9":{"start":{"line":25,"column":16},"end":{"line":25,"column":22}},"10":{"start":{"line":19,"column":22},"end":{"line":19,"column":44}},"11":{"start":{"line":20,"column":2},"end":{"line":22,"column":5}},"12":{"start":{"line":20,"column":46},"end":{"line":22,"column":4}},"13":{"start":{"line":21,"column":4},"end":{"line":21,"column":43}},"14":{"start":{"line":25,"column":24},"end":{"line":25,"column":33}}},"fnMap":{"0":{"name":"setUp","decl":{"start":{"line":6,"column":15},"end":{"line":6,"column":20}},"loc":{"start":{"line":6,"column":20},"end":{"line":10,"column":null}}},"1":{"name":"dropDb","decl":{"start":{"line":12,"column":15},"end":{"line":12,"column":21}},"loc":{"start":{"line":12,"column":21},"end":{"line":16,"column":null}}},"2":{"name":"dropColls","decl":{"start":{"line":18,"column":15},"end":{"line":18,"column":24}},"loc":{"start":{"line":18,"column":24},"end":{"line":23,"column":null}}},"3":{"name":"(anonymous_13)","decl":{"start":{"line":20,"column":31},"end":{"line":20,"column":38}},"loc":{"start":{"line":20,"column":46},"end":{"line":22,"column":4}}},"4":{"name":"(anonymous_14)","decl":{"start":{"line":20,"column":46},"end":{"line":20,"column":null}},"loc":{"start":{"line":20,"column":46},"end":{"line":22,"column":3}}}},"branchMap":{},"s":{"0":1,"1":1,"2":1,"3":1,"4":1,"5":1,"6":1,"7":1,"8":1,"9":1,"10":1,"11":1,"12":5,"13":5,"14":1},"f":{"0":1,"1":1,"2":1,"3":5,"4":5},"b":{}}
,"/home/ladysun/dev/lionmiss-back/src/test/model/fixtures.ts": {"path":"/home/ladysun/dev/lionmiss-back/src/test/model/fixtures.ts","statementMap":{"0":{"start":{"line":1,"column":0},"end":{"line":1,"column":31}},"1":{"start":{"line":2,"column":0},"end":{"line":2,"column":null}},"2":{"start":{"line":15,"column":19},"end":{"line":20,"column":2}},"3":{"start":{"line":93,"column":9},"end":{"line":93,"column":12}},"4":{"start":{"line":22,"column":27},"end":{"line":43,"column":2}},"5":{"start":{"line":93,"column":14},"end":{"line":93,"column":21}},"6":{"start":{"line":45,"column":23},"end":{"line":48,"column":2}},"7":{"start":{"line":93,"column":23},"end":{"line":93,"column":28}},"8":{"start":{"line":50,"column":21},"end":{"line":61,"column":2}},"9":{"start":{"line":93,"column":30},"end":{"line":93,"column":34}},"10":{"start":{"line":63,"column":21},"end":{"line":75,"column":2}},"11":{"start":{"line":93,"column":36},"end":{"line":93,"column":40}},"12":{"start":{"line":77,"column":27},"end":{"line":82,"column":2}},"13":{"start":{"line":93,"column":42},"end":{"line":93,"column":49}},"14":{"start":{"line":84,"column":29},"end":{"line":91,"column":2}},"15":{"start":{"line":93,"column":51},"end":{"line":93,"column":59}}},"fnMap":{},"branchMap":{},"s":{"0":1,"1":1,"2":1,"3":1,"4":1,"5":1,"6":1,"7":1,"8":1,"9":1,"10":1,"11":1,"12":1,"13":1,"14":1,"15":1},"f":{},"b":{}}
}
