{"/home/ladysun/dev/lionmiss-back/fixtures/fixtureAddresses.ts": {"path":"/home/ladysun/dev/lionmiss-back/fixtures/fixtureAddresses.ts","statementMap":{"0":{"start":{"line":1,"column":0},"end":{"line":1,"column":64}},"1":{"start":{"line":4,"column":38},"end":{"line":17,"column":5}},"2":{"start":{"line":6,"column":22},"end":{"line":17,"column":4}},"3":{"start":{"line":19,"column":9},"end":{"line":19,"column":25}}},"fnMap":{"0":{"name":"(anonymous_0)","decl":{"start":{"line":6,"column":7},"end":{"line":6,"column":8}},"loc":{"start":{"line":6,"column":22},"end":{"line":17,"column":4}}}},"branchMap":{},"s":{"0":1,"1":1,"2":50,"3":1},"f":{"0":50},"b":{}}
,"/home/ladysun/dev/lionmiss-back/fixtures/fixtureCart.ts": {"path":"/home/ladysun/dev/lionmiss-back/fixtures/fixtureCart.ts","statementMap":{"0":{"start":{"line":1,"column":0},"end":{"line":1,"column":56}},"1":{"start":{"line":2,"column":0},"end":{"line":2,"column":52}},"2":{"start":{"line":3,"column":0},"end":{"line":3,"column":46}},"3":{"start":{"line":5,"column":28},"end":{"line":16,"column":2}},"4":{"start":{"line":18,"column":9},"end":{"line":18,"column":20}}},"fnMap":{},"branchMap":{},"s":{"0":1,"1":1,"2":1,"3":1,"4":1},"f":{},"b":{}}
,"/home/ladysun/dev/lionmiss-back/fixtures/fixtureCountries.ts": {"path":"/home/ladysun/dev/lionmiss-back/fixtures/fixtureCountries.ts","statementMap":{"0":{"start":{"line":1,"column":0},"end":{"line":1,"column":38}},"1":{"start":{"line":3,"column":25},"end":{"line":8,"column":3}},"2":{"start":{"line":3,"column":50},"end":{"line":8,"column":2}},"3":{"start":{"line":10,"column":9},"end":{"line":10,"column":25}}},"fnMap":{"0":{"name":"(anonymous_0)","decl":{"start":{"line":3,"column":42},"end":{"line":3,"column":43}},"loc":{"start":{"line":3,"column":50},"end":{"line":8,"column":2}}}},"branchMap":{},"s":{"0":1,"1":1,"2":247,"3":1},"f":{"0":247},"b":{}}
,"/home/ladysun/dev/lionmiss-back/fixtures/fixtureImgs.ts": {"path":"/home/ladysun/dev/lionmiss-back/fixtures/fixtureImgs.ts","statementMap":{"0":{"start":{"line":1,"column":0},"end":{"line":1,"column":35}},"1":{"start":{"line":3,"column":20},"end":{"line":10,"column":5}},"2":{"start":{"line":5,"column":22},"end":{"line":10,"column":4}},"3":{"start":{"line":12,"column":9},"end":{"line":12,"column":20}}},"fnMap":{"0":{"name":"(anonymous_0)","decl":{"start":{"line":5,"column":7},"end":{"line":5,"column":8}},"loc":{"start":{"line":5,"column":22},"end":{"line":10,"column":4}}}},"branchMap":{},"s":{"0":1,"1":1,"2":50,"3":1},"f":{"0":50},"b":{}}
,"/home/ladysun/dev/lionmiss-back/fixtures/fixtureLocales.ts": {"path":"/home/ladysun/dev/lionmiss-back/fixtures/fixtureLocales.ts","statementMap":{"0":{"start":{"line":1,"column":0},"end":{"line":1,"column":36}},"1":{"start":{"line":3,"column":23},"end":{"line":5,"column":3}},"2":{"start":{"line":3,"column":46},"end":{"line":5,"column":2}},"3":{"start":{"line":7,"column":9},"end":{"line":7,"column":23}}},"fnMap":{"0":{"name":"(anonymous_0)","decl":{"start":{"line":3,"column":38},"end":{"line":3,"column":39}},"loc":{"start":{"line":3,"column":46},"end":{"line":5,"column":2}}}},"branchMap":{},"s":{"0":1,"1":1,"2":2,"3":1},"f":{"0":2},"b":{}}
,"/home/ladysun/dev/lionmiss-back/fixtures/fixtureProducts.ts": {"path":"/home/ladysun/dev/lionmiss-back/fixtures/fixtureProducts.ts","statementMap":{"0":{"start":{"line":1,"column":0},"end":{"line":1,"column":33}},"1":{"start":{"line":2,"column":0},"end":{"line":2,"column":51}},"2":{"start":{"line":3,"column":0},"end":{"line":3,"column":44}},"3":{"start":{"line":4,"column":0},"end":{"line":4,"column":35}},"4":{"start":{"line":6,"column":37},"end":{"line":29,"column":5}},"5":{"start":{"line":8,"column":14},"end":{"line":29,"column":4}},"6":{"start":{"line":31,"column":9},"end":{"line":31,"column":24}}},"fnMap":{"0":{"name":"(anonymous_0)","decl":{"start":{"line":8,"column":7},"end":{"line":8,"column":10}},"loc":{"start":{"line":8,"column":14},"end":{"line":29,"column":4}}}},"branchMap":{},"s":{"0":1,"1":1,"2":1,"3":1,"4":1,"5":100,"6":1},"f":{"0":100},"b":{}}
,"/home/ladysun/dev/lionmiss-back/fixtures/fixturePromo.ts": {"path":"/home/ladysun/dev/lionmiss-back/fixtures/fixturePromo.ts","statementMap":{"0":{"start":{"line":1,"column":0},"end":{"line":1,"column":53}},"1":{"start":{"line":3,"column":30},"end":{"line":6,"column":2}},"2":{"start":{"line":8,"column":9},"end":{"line":8,"column":21}}},"fnMap":{},"branchMap":{},"s":{"0":1,"1":1,"2":1},"f":{},"b":{}}
,"/home/ladysun/dev/lionmiss-back/fixtures/fixtureUserInfo.ts": {"path":"/home/ladysun/dev/lionmiss-back/fixtures/fixtureUserInfo.ts","statementMap":{"0":{"start":{"line":1,"column":0},"end":{"line":1,"column":44}},"1":{"start":{"line":2,"column":0},"end":{"line":2,"column":46}},"2":{"start":{"line":3,"column":0},"end":{"line":3,"column":52}},"3":{"start":{"line":5,"column":24},"end":{"line":9,"column":2}},"4":{"start":{"line":8,"column":54},"end":{"line":8,"column":59}},"5":{"start":{"line":11,"column":9},"end":{"line":11,"column":24}}},"fnMap":{"0":{"name":"(anonymous_0)","decl":{"start":{"line":8,"column":47},"end":{"line":8,"column":48}},"loc":{"start":{"line":8,"column":54},"end":{"line":8,"column":59}}}},"branchMap":{},"s":{"0":1,"1":1,"2":1,"3":1,"4":3,"5":1},"f":{"0":3},"b":{}}
,"/home/ladysun/dev/lionmiss-back/fixtures/fixtureUsers.ts": {"path":"/home/ladysun/dev/lionmiss-back/fixtures/fixtureUsers.ts","statementMap":{"0":{"start":{"line":1,"column":0},"end":{"line":1,"column":33}},"1":{"start":{"line":2,"column":0},"end":{"line":2,"column":35}},"2":{"start":{"line":3,"column":0},"end":{"line":3,"column":54}},"3":{"start":{"line":5,"column":21},"end":{"line":19,"column":5}},"4":{"start":{"line":7,"column":22},"end":{"line":19,"column":4}},"5":{"start":{"line":21,"column":9},"end":{"line":21,"column":21}}},"fnMap":{"0":{"name":"(anonymous_0)","decl":{"start":{"line":7,"column":7},"end":{"line":7,"column":8}},"loc":{"start":{"line":7,"column":22},"end":{"line":19,"column":4}}}},"branchMap":{},"s":{"0":1,"1":1,"2":1,"3":1,"4":10,"5":1},"f":{"0":10},"b":{}}
,"/home/ladysun/dev/lionmiss-back/fixtures/index.ts": {"path":"/home/ladysun/dev/lionmiss-back/fixtures/index.ts","statementMap":{"0":{"start":{"line":1,"column":0},"end":{"line":1,"column":9}},"1":{"start":{"line":1,"column":9},"end":{"line":1,"column":54}},"2":{"start":{"line":2,"column":0},"end":{"line":2,"column":9}},"3":{"start":{"line":2,"column":9},"end":{"line":2,"column":44}},"4":{"start":{"line":3,"column":0},"end":{"line":3,"column":9}},"5":{"start":{"line":3,"column":9},"end":{"line":3,"column":54}},"6":{"start":{"line":4,"column":0},"end":{"line":4,"column":9}},"7":{"start":{"line":4,"column":9},"end":{"line":4,"column":44}},"8":{"start":{"line":5,"column":0},"end":{"line":5,"column":9}},"9":{"start":{"line":5,"column":9},"end":{"line":5,"column":50}},"10":{"start":{"line":6,"column":0},"end":{"line":6,"column":9}},"11":{"start":{"line":6,"column":9},"end":{"line":6,"column":52}},"12":{"start":{"line":7,"column":0},"end":{"line":7,"column":9}},"13":{"start":{"line":7,"column":9},"end":{"line":7,"column":46}},"14":{"start":{"line":8,"column":0},"end":{"line":8,"column":9}},"15":{"start":{"line":8,"column":9},"end":{"line":8,"column":46}},"16":{"start":{"line":9,"column":0},"end":{"line":9,"column":9}},"17":{"start":{"line":9,"column":9},"end":{"line":9,"column":52}}},"fnMap":{"0":{"name":"(anonymous_0)","decl":{"start":{"line":1,"column":9},"end":{"line":1,"column":25}},"loc":{"start":{"line":1,"column":9},"end":{"line":1,"column":54}}},"1":{"name":"(anonymous_1)","decl":{"start":{"line":2,"column":9},"end":{"line":2,"column":20}},"loc":{"start":{"line":2,"column":9},"end":{"line":2,"column":44}}},"2":{"name":"(anonymous_2)","decl":{"start":{"line":3,"column":9},"end":{"line":3,"column":25}},"loc":{"start":{"line":3,"column":9},"end":{"line":3,"column":54}}},"3":{"name":"(anonymous_3)","decl":{"start":{"line":4,"column":9},"end":{"line":4,"column":20}},"loc":{"start":{"line":4,"column":9},"end":{"line":4,"column":44}}},"4":{"name":"(anonymous_4)","decl":{"start":{"line":5,"column":9},"end":{"line":5,"column":23}},"loc":{"start":{"line":5,"column":9},"end":{"line":5,"column":50}}},"5":{"name":"(anonymous_5)","decl":{"start":{"line":6,"column":9},"end":{"line":6,"column":24}},"loc":{"start":{"line":6,"column":9},"end":{"line":6,"column":52}}},"6":{"name":"(anonymous_6)","decl":{"start":{"line":7,"column":9},"end":{"line":7,"column":21}},"loc":{"start":{"line":7,"column":9},"end":{"line":7,"column":46}}},"7":{"name":"(anonymous_7)","decl":{"start":{"line":8,"column":9},"end":{"line":8,"column":21}},"loc":{"start":{"line":8,"column":9},"end":{"line":8,"column":46}}},"8":{"name":"(anonymous_8)","decl":{"start":{"line":9,"column":9},"end":{"line":9,"column":24}},"loc":{"start":{"line":9,"column":9},"end":{"line":9,"column":52}}}},"branchMap":{},"s":{"0":1,"1":1,"2":1,"3":1,"4":1,"5":1,"6":1,"7":1,"8":1,"9":1,"10":1,"11":1,"12":1,"13":1,"14":1,"15":1,"16":1,"17":2},"f":{"0":0,"1":0,"2":0,"3":0,"4":0,"5":0,"6":0,"7":0,"8":1},"b":{}}
,"/home/ladysun/dev/lionmiss-back/fixtures/data/index.ts": {"path":"/home/ladysun/dev/lionmiss-back/fixtures/data/index.ts","statementMap":{"0":{"start":{"line":1,"column":18},"end":{"line":6,"column":2}},"1":{"start":{"line":8,"column":9},"end":{"line":8,"column":18}},"2":{"start":{"line":9,"column":0},"end":{"line":9,"column":9}},"3":{"start":{"line":9,"column":9},"end":{"line":9,"column":32}},"4":{"start":{"line":10,"column":0},"end":{"line":10,"column":9}},"5":{"start":{"line":10,"column":9},"end":{"line":10,"column":30}}},"fnMap":{"0":{"name":"(anonymous_1)","decl":{"start":{"line":9,"column":9},"end":{"line":9,"column":16}},"loc":{"start":{"line":9,"column":9},"end":{"line":9,"column":32}}},"1":{"name":"(anonymous_2)","decl":{"start":{"line":10,"column":9},"end":{"line":10,"column":16}},"loc":{"start":{"line":10,"column":9},"end":{"line":10,"column":30}}}},"branchMap":{},"s":{"0":1,"1":1,"2":1,"3":2,"4":1,"5":2},"f":{"0":1,"1":1},"b":{}}
,"/home/ladysun/dev/lionmiss-back/src/model/mongoose/MGSCart.ts": {"path":"/home/ladysun/dev/lionmiss-back/src/model/mongoose/MGSCart.ts","statementMap":{"0":{"start":{"line":2,"column":0},"end":{"line":2,"column":33}},"1":{"start":{"line":6,"column":0},"end":{"line":6,"column":62}},"2":{"start":{"line":8,"column":22},"end":{"line":8,"column":78}},"3":{"start":{"line":9,"column":20},"end":{"line":9,"column":74}},"4":{"start":{"line":13,"column":4},"end":{"line":15,"column":54}},"5":{"start":{"line":14,"column":26},"end":{"line":14,"column":56}},"6":{"start":{"line":15,"column":22},"end":{"line":15,"column":52}},"7":{"start":{"line":19,"column":4},"end":{"line":25,"column":54}},"8":{"start":{"line":24,"column":35},"end":{"line":24,"column":69}},"9":{"start":{"line":25,"column":22},"end":{"line":25,"column":52}},"10":{"start":{"line":29,"column":4},"end":{"line":36,"column":54}},"11":{"start":{"line":35,"column":23},"end":{"line":35,"column":49}},"12":{"start":{"line":36,"column":22},"end":{"line":36,"column":52}},"13":{"start":{"line":40,"column":4},"end":{"line":42,"column":54}},"14":{"start":{"line":41,"column":34},"end":{"line":41,"column":67}},"15":{"start":{"line":42,"column":22},"end":{"line":42,"column":52}},"16":{"start":{"line":49,"column":4},"end":{"line":56,"column":54}},"17":{"start":{"line":55,"column":23},"end":{"line":55,"column":49}},"18":{"start":{"line":56,"column":22},"end":{"line":56,"column":52}},"19":{"start":{"line":63,"column":4},"end":{"line":73,"column":54}},"20":{"start":{"line":72,"column":23},"end":{"line":72,"column":49}},"21":{"start":{"line":73,"column":22},"end":{"line":73,"column":52}},"22":{"start":{"line":80,"column":4},"end":{"line":87,"column":54}},"23":{"start":{"line":86,"column":23},"end":{"line":86,"column":49}},"24":{"start":{"line":87,"column":22},"end":{"line":87,"column":52}},"25":{"start":{"line":91,"column":9},"end":{"line":91,"column":16}}},"fnMap":{"0":{"name":"(anonymous_0)","decl":{"start":{"line":12,"column":2},"end":{"line":12,"column":9}},"loc":{"start":{"line":12,"column":24},"end":{"line":16,"column":3}}},"1":{"name":"(anonymous_1)","decl":{"start":{"line":14,"column":12},"end":{"line":14,"column":13}},"loc":{"start":{"line":14,"column":26},"end":{"line":14,"column":56}}},"2":{"name":"(anonymous_2)","decl":{"start":{"line":15,"column":13},"end":{"line":15,"column":14}},"loc":{"start":{"line":15,"column":22},"end":{"line":15,"column":52}}},"3":{"name":"(anonymous_3)","decl":{"start":{"line":18,"column":2},"end":{"line":18,"column":10}},"loc":{"start":{"line":18,"column":39},"end":{"line":26,"column":3}}},"4":{"name":"(anonymous_4)","decl":{"start":{"line":24,"column":12},"end":{"line":24,"column":13}},"loc":{"start":{"line":24,"column":35},"end":{"line":24,"column":69}}},"5":{"name":"(anonymous_5)","decl":{"start":{"line":25,"column":13},"end":{"line":25,"column":14}},"loc":{"start":{"line":25,"column":22},"end":{"line":25,"column":52}}},"6":{"name":"(anonymous_6)","decl":{"start":{"line":28,"column":2},"end":{"line":28,"column":12}},"loc":{"start":{"line":28,"column":41},"end":{"line":37,"column":3}}},"7":{"name":"(anonymous_7)","decl":{"start":{"line":35,"column":12},"end":{"line":35,"column":13}},"loc":{"start":{"line":35,"column":23},"end":{"line":35,"column":49}}},"8":{"name":"(anonymous_8)","decl":{"start":{"line":36,"column":13},"end":{"line":36,"column":14}},"loc":{"start":{"line":36,"column":22},"end":{"line":36,"column":52}}},"9":{"name":"(anonymous_9)","decl":{"start":{"line":39,"column":2},"end":{"line":39,"column":12}},"loc":{"start":{"line":39,"column":27},"end":{"line":43,"column":3}}},"10":{"name":"(anonymous_10)","decl":{"start":{"line":41,"column":12},"end":{"line":41,"column":13}},"loc":{"start":{"line":41,"column":34},"end":{"line":41,"column":67}}},"11":{"name":"(anonymous_11)","decl":{"start":{"line":42,"column":13},"end":{"line":42,"column":14}},"loc":{"start":{"line":42,"column":22},"end":{"line":42,"column":52}}},"12":{"name":"(anonymous_12)","decl":{"start":{"line":45,"column":2},"end":{"line":45,"column":17}},"loc":{"start":{"line":47,"column":30},"end":{"line":57,"column":3}}},"13":{"name":"(anonymous_13)","decl":{"start":{"line":55,"column":12},"end":{"line":55,"column":13}},"loc":{"start":{"line":55,"column":23},"end":{"line":55,"column":49}}},"14":{"name":"(anonymous_14)","decl":{"start":{"line":56,"column":13},"end":{"line":56,"column":14}},"loc":{"start":{"line":56,"column":22},"end":{"line":56,"column":52}}},"15":{"name":"(anonymous_15)","decl":{"start":{"line":59,"column":2},"end":{"line":59,"column":19}},"loc":{"start":{"line":61,"column":30},"end":{"line":74,"column":3}}},"16":{"name":"(anonymous_16)","decl":{"start":{"line":72,"column":12},"end":{"line":72,"column":13}},"loc":{"start":{"line":72,"column":23},"end":{"line":72,"column":49}}},"17":{"name":"(anonymous_17)","decl":{"start":{"line":73,"column":13},"end":{"line":73,"column":14}},"loc":{"start":{"line":73,"column":22},"end":{"line":73,"column":52}}},"18":{"name":"(anonymous_18)","decl":{"start":{"line":76,"column":2},"end":{"line":76,"column":19}},"loc":{"start":{"line":78,"column":21},"end":{"line":88,"column":3}}},"19":{"name":"(anonymous_19)","decl":{"start":{"line":86,"column":12},"end":{"line":86,"column":13}},"loc":{"start":{"line":86,"column":23},"end":{"line":86,"column":49}}},"20":{"name":"(anonymous_20)","decl":{"start":{"line":87,"column":13},"end":{"line":87,"column":14}},"loc":{"start":{"line":87,"column":22},"end":{"line":87,"column":52}}}},"branchMap":{},"s":{"0":1,"1":1,"2":1,"3":1,"4":0,"5":0,"6":0,"7":0,"8":0,"9":0,"10":0,"11":0,"12":0,"13":0,"14":0,"15":0,"16":0,"17":0,"18":0,"19":0,"20":0,"21":0,"22":0,"23":0,"24":0,"25":1},"f":{"0":0,"1":0,"2":0,"3":0,"4":0,"5":0,"6":0,"7":0,"8":0,"9":0,"10":0,"11":0,"12":0,"13":0,"14":0,"15":0,"16":0,"17":0,"18":0,"19":0,"20":0},"b":{}}
,"/home/ladysun/dev/lionmiss-back/src/model/mongoose/MGSCountry.ts": {"path":"/home/ladysun/dev/lionmiss-back/src/model/mongoose/MGSCountry.ts","statementMap":{"0":{"start":{"line":1,"column":0},"end":{"line":1,"column":33}},"1":{"start":{"line":4,"column":0},"end":{"line":4,"column":42}},"2":{"start":{"line":7,"column":21},"end":{"line":7,"column":74}},"3":{"start":{"line":11,"column":4},"end":{"line":13,"column":54}},"4":{"start":{"line":13,"column":22},"end":{"line":13,"column":52}},"5":{"start":{"line":17,"column":4},"end":{"line":19,"column":54}},"6":{"start":{"line":19,"column":22},"end":{"line":19,"column":52}},"7":{"start":{"line":23,"column":9},"end":{"line":23,"column":19}}},"fnMap":{"0":{"name":"(anonymous_0)","decl":{"start":{"line":10,"column":2},"end":{"line":10,"column":12}},"loc":{"start":{"line":10,"column":23},"end":{"line":14,"column":3}}},"1":{"name":"(anonymous_1)","decl":{"start":{"line":13,"column":13},"end":{"line":13,"column":14}},"loc":{"start":{"line":13,"column":22},"end":{"line":13,"column":52}}},"2":{"name":"(anonymous_2)","decl":{"start":{"line":16,"column":2},"end":{"line":16,"column":15}},"loc":{"start":{"line":16,"column":15},"end":{"line":20,"column":3}}},"3":{"name":"(anonymous_3)","decl":{"start":{"line":19,"column":13},"end":{"line":19,"column":14}},"loc":{"start":{"line":19,"column":22},"end":{"line":19,"column":52}}}},"branchMap":{},"s":{"0":1,"1":1,"2":1,"3":0,"4":0,"5":0,"6":0,"7":1},"f":{"0":0,"1":0,"2":0,"3":0},"b":{}}
,"/home/ladysun/dev/lionmiss-back/src/model/mongoose/MGSLocale.ts": {"path":"/home/ladysun/dev/lionmiss-back/src/model/mongoose/MGSLocale.ts","statementMap":{"0":{"start":{"line":1,"column":0},"end":{"line":1,"column":33}},"1":{"start":{"line":4,"column":0},"end":{"line":4,"column":41}},"2":{"start":{"line":6,"column":20},"end":{"line":6,"column":60}},"3":{"start":{"line":10,"column":4},"end":{"line":12,"column":54}},"4":{"start":{"line":12,"column":22},"end":{"line":12,"column":52}},"5":{"start":{"line":16,"column":9},"end":{"line":16,"column":18}}},"fnMap":{"0":{"name":"(anonymous_0)","decl":{"start":{"line":9,"column":2},"end":{"line":9,"column":14}},"loc":{"start":{"line":9,"column":14},"end":{"line":13,"column":3}}},"1":{"name":"(anonymous_1)","decl":{"start":{"line":12,"column":13},"end":{"line":12,"column":14}},"loc":{"start":{"line":12,"column":22},"end":{"line":12,"column":52}}}},"branchMap":{},"s":{"0":1,"1":1,"2":1,"3":0,"4":0,"5":1},"f":{"0":0,"1":0},"b":{}}
,"/home/ladysun/dev/lionmiss-back/src/model/mongoose/MGSProduct.ts": {"path":"/home/ladysun/dev/lionmiss-back/src/model/mongoose/MGSProduct.ts","statementMap":{"0":{"start":{"line":1,"column":0},"end":{"line":1,"column":33}},"1":{"start":{"line":4,"column":0},"end":{"line":4,"column":42}},"2":{"start":{"line":7,"column":21},"end":{"line":7,"column":74}},"3":{"start":{"line":11,"column":4},"end":{"line":13,"column":54}},"4":{"start":{"line":13,"column":22},"end":{"line":13,"column":52}},"5":{"start":{"line":17,"column":4},"end":{"line":19,"column":54}},"6":{"start":{"line":19,"column":22},"end":{"line":19,"column":52}},"7":{"start":{"line":23,"column":25},"end":{"line":23,"column":50}},"8":{"start":{"line":24,"column":4},"end":{"line":28,"column":54}},"9":{"start":{"line":26,"column":18},"end":{"line":26,"column":37}},"10":{"start":{"line":27,"column":18},"end":{"line":27,"column":39}},"11":{"start":{"line":28,"column":22},"end":{"line":28,"column":52}},"12":{"start":{"line":32,"column":4},"end":{"line":37,"column":54}},"13":{"start":{"line":36,"column":23},"end":{"line":36,"column":49}},"14":{"start":{"line":37,"column":22},"end":{"line":37,"column":52}},"15":{"start":{"line":41,"column":4},"end":{"line":44,"column":54}},"16":{"start":{"line":43,"column":23},"end":{"line":43,"column":49}},"17":{"start":{"line":44,"column":22},"end":{"line":44,"column":52}},"18":{"start":{"line":48,"column":9},"end":{"line":48,"column":19}}},"fnMap":{"0":{"name":"(anonymous_0)","decl":{"start":{"line":10,"column":2},"end":{"line":10,"column":12}},"loc":{"start":{"line":10,"column":23},"end":{"line":14,"column":3}}},"1":{"name":"(anonymous_1)","decl":{"start":{"line":13,"column":13},"end":{"line":13,"column":14}},"loc":{"start":{"line":13,"column":22},"end":{"line":13,"column":52}}},"2":{"name":"(anonymous_2)","decl":{"start":{"line":16,"column":2},"end":{"line":16,"column":15}},"loc":{"start":{"line":16,"column":15},"end":{"line":20,"column":3}}},"3":{"name":"(anonymous_3)","decl":{"start":{"line":19,"column":13},"end":{"line":19,"column":14}},"loc":{"start":{"line":19,"column":22},"end":{"line":19,"column":52}}},"4":{"name":"(anonymous_4)","decl":{"start":{"line":22,"column":2},"end":{"line":22,"column":13}},"loc":{"start":{"line":22,"column":32},"end":{"line":29,"column":3}}},"5":{"name":"(anonymous_5)","decl":{"start":{"line":26,"column":12},"end":{"line":26,"column":15}},"loc":{"start":{"line":26,"column":18},"end":{"line":26,"column":37}}},"6":{"name":"(anonymous_6)","decl":{"start":{"line":27,"column":12},"end":{"line":27,"column":15}},"loc":{"start":{"line":27,"column":18},"end":{"line":27,"column":39}}},"7":{"name":"(anonymous_7)","decl":{"start":{"line":28,"column":13},"end":{"line":28,"column":14}},"loc":{"start":{"line":28,"column":22},"end":{"line":28,"column":52}}},"8":{"name":"(anonymous_8)","decl":{"start":{"line":31,"column":2},"end":{"line":31,"column":15}},"loc":{"start":{"line":31,"column":34},"end":{"line":38,"column":3}}},"9":{"name":"(anonymous_9)","decl":{"start":{"line":36,"column":12},"end":{"line":36,"column":13}},"loc":{"start":{"line":36,"column":23},"end":{"line":36,"column":49}}},"10":{"name":"(anonymous_10)","decl":{"start":{"line":37,"column":13},"end":{"line":37,"column":14}},"loc":{"start":{"line":37,"column":22},"end":{"line":37,"column":52}}},"11":{"name":"(anonymous_11)","decl":{"start":{"line":40,"column":2},"end":{"line":40,"column":15}},"loc":{"start":{"line":40,"column":26},"end":{"line":45,"column":3}}},"12":{"name":"(anonymous_12)","decl":{"start":{"line":43,"column":12},"end":{"line":43,"column":13}},"loc":{"start":{"line":43,"column":23},"end":{"line":43,"column":49}}},"13":{"name":"(anonymous_13)","decl":{"start":{"line":44,"column":13},"end":{"line":44,"column":14}},"loc":{"start":{"line":44,"column":22},"end":{"line":44,"column":52}}}},"branchMap":{},"s":{"0":1,"1":1,"2":1,"3":0,"4":0,"5":0,"6":0,"7":0,"8":0,"9":0,"10":0,"11":0,"12":0,"13":0,"14":0,"15":0,"16":0,"17":0,"18":1},"f":{"0":0,"1":0,"2":0,"3":0,"4":0,"5":0,"6":0,"7":0,"8":0,"9":0,"10":0,"11":0,"12":0,"13":0},"b":{}}
,"/home/ladysun/dev/lionmiss-back/src/model/mongoose/MGSShipping.ts": {"path":"/home/ladysun/dev/lionmiss-back/src/model/mongoose/MGSShipping.ts","statementMap":{"0":{"start":{"line":2,"column":0},"end":{"line":2,"column":33}},"1":{"start":{"line":5,"column":0},"end":{"line":5,"column":43}},"2":{"start":{"line":7,"column":22},"end":{"line":7,"column":79}},"3":{"start":{"line":11,"column":4},"end":{"line":13,"column":54}},"4":{"start":{"line":13,"column":22},"end":{"line":13,"column":52}},"5":{"start":{"line":17,"column":4},"end":{"line":19,"column":54}},"6":{"start":{"line":19,"column":22},"end":{"line":19,"column":52}},"7":{"start":{"line":23,"column":26},"end":{"line":23,"column":53}},"8":{"start":{"line":24,"column":4},"end":{"line":28,"column":54}},"9":{"start":{"line":26,"column":18},"end":{"line":26,"column":38}},"10":{"start":{"line":27,"column":18},"end":{"line":27,"column":39}},"11":{"start":{"line":28,"column":22},"end":{"line":28,"column":52}},"12":{"start":{"line":32,"column":4},"end":{"line":37,"column":54}},"13":{"start":{"line":36,"column":23},"end":{"line":36,"column":49}},"14":{"start":{"line":37,"column":22},"end":{"line":37,"column":52}},"15":{"start":{"line":41,"column":4},"end":{"line":44,"column":54}},"16":{"start":{"line":43,"column":23},"end":{"line":43,"column":49}},"17":{"start":{"line":44,"column":22},"end":{"line":44,"column":52}},"18":{"start":{"line":48,"column":9},"end":{"line":48,"column":20}}},"fnMap":{"0":{"name":"(anonymous_0)","decl":{"start":{"line":10,"column":2},"end":{"line":10,"column":13}},"loc":{"start":{"line":10,"column":24},"end":{"line":14,"column":3}}},"1":{"name":"(anonymous_1)","decl":{"start":{"line":13,"column":13},"end":{"line":13,"column":14}},"loc":{"start":{"line":13,"column":22},"end":{"line":13,"column":52}}},"2":{"name":"(anonymous_2)","decl":{"start":{"line":16,"column":2},"end":{"line":16,"column":16}},"loc":{"start":{"line":16,"column":16},"end":{"line":20,"column":3}}},"3":{"name":"(anonymous_3)","decl":{"start":{"line":19,"column":13},"end":{"line":19,"column":14}},"loc":{"start":{"line":19,"column":22},"end":{"line":19,"column":52}}},"4":{"name":"(anonymous_4)","decl":{"start":{"line":22,"column":2},"end":{"line":22,"column":14}},"loc":{"start":{"line":22,"column":35},"end":{"line":29,"column":3}}},"5":{"name":"(anonymous_5)","decl":{"start":{"line":26,"column":12},"end":{"line":26,"column":15}},"loc":{"start":{"line":26,"column":18},"end":{"line":26,"column":38}}},"6":{"name":"(anonymous_6)","decl":{"start":{"line":27,"column":12},"end":{"line":27,"column":15}},"loc":{"start":{"line":27,"column":18},"end":{"line":27,"column":39}}},"7":{"name":"(anonymous_7)","decl":{"start":{"line":28,"column":13},"end":{"line":28,"column":14}},"loc":{"start":{"line":28,"column":22},"end":{"line":28,"column":52}}},"8":{"name":"(anonymous_8)","decl":{"start":{"line":31,"column":2},"end":{"line":31,"column":16}},"loc":{"start":{"line":31,"column":37},"end":{"line":38,"column":3}}},"9":{"name":"(anonymous_9)","decl":{"start":{"line":36,"column":12},"end":{"line":36,"column":13}},"loc":{"start":{"line":36,"column":23},"end":{"line":36,"column":49}}},"10":{"name":"(anonymous_10)","decl":{"start":{"line":37,"column":13},"end":{"line":37,"column":14}},"loc":{"start":{"line":37,"column":22},"end":{"line":37,"column":52}}},"11":{"name":"(anonymous_11)","decl":{"start":{"line":40,"column":2},"end":{"line":40,"column":16}},"loc":{"start":{"line":40,"column":27},"end":{"line":45,"column":3}}},"12":{"name":"(anonymous_12)","decl":{"start":{"line":43,"column":12},"end":{"line":43,"column":13}},"loc":{"start":{"line":43,"column":23},"end":{"line":43,"column":49}}},"13":{"name":"(anonymous_13)","decl":{"start":{"line":44,"column":13},"end":{"line":44,"column":14}},"loc":{"start":{"line":44,"column":22},"end":{"line":44,"column":52}}}},"branchMap":{},"s":{"0":1,"1":1,"2":1,"3":0,"4":0,"5":0,"6":0,"7":0,"8":0,"9":0,"10":0,"11":0,"12":0,"13":0,"14":0,"15":0,"16":0,"17":0,"18":1},"f":{"0":0,"1":0,"2":0,"3":0,"4":0,"5":0,"6":0,"7":0,"8":0,"9":0,"10":0,"11":0,"12":0,"13":0},"b":{}}
,"/home/ladysun/dev/lionmiss-back/src/model/mongoose/MGSUserInfo.ts": {"path":"/home/ladysun/dev/lionmiss-back/src/model/mongoose/MGSUserInfo.ts","statementMap":{"0":{"start":{"line":2,"column":0},"end":{"line":2,"column":33}},"1":{"start":{"line":5,"column":0},"end":{"line":5,"column":43}},"2":{"start":{"line":7,"column":22},"end":{"line":7,"column":79}},"3":{"start":{"line":11,"column":4},"end":{"line":13,"column":54}},"4":{"start":{"line":12,"column":26},"end":{"line":12,"column":56}},"5":{"start":{"line":13,"column":22},"end":{"line":13,"column":52}},"6":{"start":{"line":17,"column":4},"end":{"line":19,"column":54}},"7":{"start":{"line":18,"column":27},"end":{"line":18,"column":72}},"8":{"start":{"line":18,"column":64},"end":{"line":18,"column":70}},"9":{"start":{"line":19,"column":22},"end":{"line":19,"column":52}},"10":{"start":{"line":23,"column":26},"end":{"line":23,"column":49}},"11":{"start":{"line":24,"column":4},"end":{"line":27,"column":54}},"12":{"start":{"line":25,"column":18},"end":{"line":25,"column":38}},"13":{"start":{"line":26,"column":18},"end":{"line":26,"column":39}},"14":{"start":{"line":27,"column":22},"end":{"line":27,"column":52}},"15":{"start":{"line":31,"column":4},"end":{"line":38,"column":54}},"16":{"start":{"line":37,"column":23},"end":{"line":37,"column":49}},"17":{"start":{"line":38,"column":22},"end":{"line":38,"column":52}},"18":{"start":{"line":42,"column":4},"end":{"line":45,"column":54}},"19":{"start":{"line":44,"column":23},"end":{"line":44,"column":49}},"20":{"start":{"line":45,"column":22},"end":{"line":45,"column":52}},"21":{"start":{"line":49,"column":9},"end":{"line":49,"column":20}}},"fnMap":{"0":{"name":"(anonymous_0)","decl":{"start":{"line":10,"column":2},"end":{"line":10,"column":9}},"loc":{"start":{"line":10,"column":20},"end":{"line":14,"column":3}}},"1":{"name":"(anonymous_1)","decl":{"start":{"line":12,"column":12},"end":{"line":12,"column":13}},"loc":{"start":{"line":12,"column":26},"end":{"line":12,"column":56}}},"2":{"name":"(anonymous_2)","decl":{"start":{"line":13,"column":13},"end":{"line":13,"column":14}},"loc":{"start":{"line":13,"column":22},"end":{"line":13,"column":52}}},"3":{"name":"(anonymous_3)","decl":{"start":{"line":16,"column":2},"end":{"line":16,"column":12}},"loc":{"start":{"line":16,"column":12},"end":{"line":20,"column":3}}},"4":{"name":"(anonymous_4)","decl":{"start":{"line":18,"column":12},"end":{"line":18,"column":13}},"loc":{"start":{"line":18,"column":27},"end":{"line":18,"column":72}}},"5":{"name":"(anonymous_5)","decl":{"start":{"line":18,"column":57},"end":{"line":18,"column":58}},"loc":{"start":{"line":18,"column":64},"end":{"line":18,"column":70}}},"6":{"name":"(anonymous_6)","decl":{"start":{"line":19,"column":13},"end":{"line":19,"column":14}},"loc":{"start":{"line":19,"column":22},"end":{"line":19,"column":52}}},"7":{"name":"(anonymous_7)","decl":{"start":{"line":22,"column":2},"end":{"line":22,"column":10}},"loc":{"start":{"line":22,"column":23},"end":{"line":28,"column":3}}},"8":{"name":"(anonymous_8)","decl":{"start":{"line":25,"column":12},"end":{"line":25,"column":15}},"loc":{"start":{"line":25,"column":18},"end":{"line":25,"column":38}}},"9":{"name":"(anonymous_9)","decl":{"start":{"line":26,"column":12},"end":{"line":26,"column":15}},"loc":{"start":{"line":26,"column":18},"end":{"line":26,"column":39}}},"10":{"name":"(anonymous_10)","decl":{"start":{"line":27,"column":13},"end":{"line":27,"column":14}},"loc":{"start":{"line":27,"column":22},"end":{"line":27,"column":52}}},"11":{"name":"(anonymous_11)","decl":{"start":{"line":30,"column":2},"end":{"line":30,"column":12}},"loc":{"start":{"line":30,"column":37},"end":{"line":39,"column":3}}},"12":{"name":"(anonymous_12)","decl":{"start":{"line":37,"column":12},"end":{"line":37,"column":13}},"loc":{"start":{"line":37,"column":23},"end":{"line":37,"column":49}}},"13":{"name":"(anonymous_13)","decl":{"start":{"line":38,"column":13},"end":{"line":38,"column":14}},"loc":{"start":{"line":38,"column":22},"end":{"line":38,"column":52}}},"14":{"name":"(anonymous_14)","decl":{"start":{"line":41,"column":2},"end":{"line":41,"column":12}},"loc":{"start":{"line":41,"column":23},"end":{"line":46,"column":3}}},"15":{"name":"(anonymous_15)","decl":{"start":{"line":44,"column":12},"end":{"line":44,"column":13}},"loc":{"start":{"line":44,"column":23},"end":{"line":44,"column":49}}},"16":{"name":"(anonymous_16)","decl":{"start":{"line":45,"column":13},"end":{"line":45,"column":14}},"loc":{"start":{"line":45,"column":22},"end":{"line":45,"column":52}}}},"branchMap":{},"s":{"0":1,"1":1,"2":1,"3":0,"4":0,"5":0,"6":0,"7":0,"8":0,"9":0,"10":0,"11":0,"12":0,"13":0,"14":0,"15":0,"16":0,"17":0,"18":0,"19":0,"20":0,"21":1},"f":{"0":0,"1":0,"2":0,"3":0,"4":0,"5":0,"6":0,"7":0,"8":0,"9":0,"10":0,"11":0,"12":0,"13":0,"14":0,"15":0,"16":0},"b":{}}
,"/home/ladysun/dev/lionmiss-back/src/model/mongoose/index.ts": {"path":"/home/ladysun/dev/lionmiss-back/src/model/mongoose/index.ts","statementMap":{"0":{"start":{"line":1,"column":0},"end":{"line":1,"column":9}},"1":{"start":{"line":1,"column":9},"end":{"line":1,"column":36}},"2":{"start":{"line":2,"column":0},"end":{"line":2,"column":9}},"3":{"start":{"line":2,"column":9},"end":{"line":2,"column":42}},"4":{"start":{"line":3,"column":0},"end":{"line":3,"column":9}},"5":{"start":{"line":3,"column":9},"end":{"line":3,"column":40}},"6":{"start":{"line":4,"column":0},"end":{"line":4,"column":9}},"7":{"start":{"line":4,"column":9},"end":{"line":4,"column":42}},"8":{"start":{"line":5,"column":0},"end":{"line":5,"column":9}},"9":{"start":{"line":5,"column":9},"end":{"line":5,"column":44}},"10":{"start":{"line":6,"column":0},"end":{"line":6,"column":9}},"11":{"start":{"line":6,"column":9},"end":{"line":6,"column":44}}},"fnMap":{"0":{"name":"(anonymous_0)","decl":{"start":{"line":1,"column":9},"end":{"line":1,"column":16}},"loc":{"start":{"line":1,"column":9},"end":{"line":1,"column":36}}},"1":{"name":"(anonymous_1)","decl":{"start":{"line":2,"column":9},"end":{"line":2,"column":19}},"loc":{"start":{"line":2,"column":9},"end":{"line":2,"column":42}}},"2":{"name":"(anonymous_2)","decl":{"start":{"line":3,"column":9},"end":{"line":3,"column":18}},"loc":{"start":{"line":3,"column":9},"end":{"line":3,"column":40}}},"3":{"name":"(anonymous_3)","decl":{"start":{"line":4,"column":9},"end":{"line":4,"column":19}},"loc":{"start":{"line":4,"column":9},"end":{"line":4,"column":42}}},"4":{"name":"(anonymous_4)","decl":{"start":{"line":5,"column":9},"end":{"line":5,"column":20}},"loc":{"start":{"line":5,"column":9},"end":{"line":5,"column":44}}},"5":{"name":"(anonymous_5)","decl":{"start":{"line":6,"column":9},"end":{"line":6,"column":20}},"loc":{"start":{"line":6,"column":9},"end":{"line":6,"column":44}}}},"branchMap":{},"s":{"0":1,"1":1,"2":1,"3":1,"4":1,"5":1,"6":1,"7":1,"8":1,"9":1,"10":1,"11":1},"f":{"0":0,"1":0,"2":0,"3":0,"4":0,"5":0},"b":{}}
,"/home/ladysun/dev/lionmiss-back/src/model/mongoose/schemas/index.ts": {"path":"/home/ladysun/dev/lionmiss-back/src/model/mongoose/schemas/index.ts","statementMap":{"0":{"start":{"line":1,"column":0},"end":{"line":1,"column":9}},"1":{"start":{"line":1,"column":9},"end":{"line":1,"column":48}},"2":{"start":{"line":2,"column":0},"end":{"line":2,"column":9}},"3":{"start":{"line":2,"column":9},"end":{"line":2,"column":42}},"4":{"start":{"line":3,"column":0},"end":{"line":3,"column":9}},"5":{"start":{"line":3,"column":9},"end":{"line":3,"column":56}},"6":{"start":{"line":4,"column":0},"end":{"line":4,"column":9}},"7":{"start":{"line":4,"column":9},"end":{"line":4,"column":48}},"8":{"start":{"line":5,"column":0},"end":{"line":5,"column":9}},"9":{"start":{"line":5,"column":9},"end":{"line":5,"column":40}},"10":{"start":{"line":6,"column":0},"end":{"line":6,"column":9}},"11":{"start":{"line":6,"column":9},"end":{"line":6,"column":46}},"12":{"start":{"line":7,"column":0},"end":{"line":7,"column":9}},"13":{"start":{"line":7,"column":9},"end":{"line":7,"column":50}},"14":{"start":{"line":8,"column":0},"end":{"line":8,"column":9}},"15":{"start":{"line":8,"column":9},"end":{"line":8,"column":48}},"16":{"start":{"line":9,"column":0},"end":{"line":9,"column":9}},"17":{"start":{"line":9,"column":9},"end":{"line":9,"column":58}},"18":{"start":{"line":10,"column":0},"end":{"line":10,"column":9}},"19":{"start":{"line":10,"column":9},"end":{"line":10,"column":50}},"20":{"start":{"line":11,"column":0},"end":{"line":11,"column":9}},"21":{"start":{"line":11,"column":9},"end":{"line":11,"column":42}},"22":{"start":{"line":12,"column":0},"end":{"line":12,"column":9}},"23":{"start":{"line":12,"column":9},"end":{"line":12,"column":50}}},"fnMap":{"0":{"name":"(anonymous_0)","decl":{"start":{"line":1,"column":9},"end":{"line":1,"column":22}},"loc":{"start":{"line":1,"column":9},"end":{"line":1,"column":48}}},"1":{"name":"(anonymous_1)","decl":{"start":{"line":2,"column":9},"end":{"line":2,"column":19}},"loc":{"start":{"line":2,"column":9},"end":{"line":2,"column":42}}},"2":{"name":"(anonymous_2)","decl":{"start":{"line":3,"column":9},"end":{"line":3,"column":26}},"loc":{"start":{"line":3,"column":9},"end":{"line":3,"column":56}}},"3":{"name":"(anonymous_3)","decl":{"start":{"line":4,"column":9},"end":{"line":4,"column":22}},"loc":{"start":{"line":4,"column":9},"end":{"line":4,"column":48}}},"4":{"name":"(anonymous_4)","decl":{"start":{"line":5,"column":9},"end":{"line":5,"column":18}},"loc":{"start":{"line":5,"column":9},"end":{"line":5,"column":40}}},"5":{"name":"(anonymous_5)","decl":{"start":{"line":6,"column":9},"end":{"line":6,"column":21}},"loc":{"start":{"line":6,"column":9},"end":{"line":6,"column":46}}},"6":{"name":"(anonymous_6)","decl":{"start":{"line":7,"column":9},"end":{"line":7,"column":23}},"loc":{"start":{"line":7,"column":9},"end":{"line":7,"column":50}}},"7":{"name":"(anonymous_7)","decl":{"start":{"line":8,"column":9},"end":{"line":8,"column":22}},"loc":{"start":{"line":8,"column":9},"end":{"line":8,"column":48}}},"8":{"name":"(anonymous_8)","decl":{"start":{"line":9,"column":9},"end":{"line":9,"column":27}},"loc":{"start":{"line":9,"column":9},"end":{"line":9,"column":58}}},"9":{"name":"(anonymous_9)","decl":{"start":{"line":10,"column":9},"end":{"line":10,"column":23}},"loc":{"start":{"line":10,"column":9},"end":{"line":10,"column":50}}},"10":{"name":"(anonymous_10)","decl":{"start":{"line":11,"column":9},"end":{"line":11,"column":19}},"loc":{"start":{"line":11,"column":9},"end":{"line":11,"column":42}}},"11":{"name":"(anonymous_11)","decl":{"start":{"line":12,"column":9},"end":{"line":12,"column":23}},"loc":{"start":{"line":12,"column":9},"end":{"line":12,"column":50}}}},"branchMap":{},"s":{"0":1,"1":1,"2":1,"3":1,"4":1,"5":3,"6":1,"7":2,"8":1,"9":1,"10":1,"11":2,"12":1,"13":1,"14":1,"15":2,"16":1,"17":1,"18":1,"19":2,"20":1,"21":1,"22":1,"23":4},"f":{"0":0,"1":0,"2":2,"3":1,"4":0,"5":1,"6":0,"7":1,"8":0,"9":1,"10":0,"11":3},"b":{}}
,"/home/ladysun/dev/lionmiss-back/src/model/mongoose/schemas/schemaAddress.ts": {"path":"/home/ladysun/dev/lionmiss-back/src/model/mongoose/schemas/schemaAddress.ts","statementMap":{"0":{"start":{"line":1,"column":0},"end":{"line":1,"column":34}},"1":{"start":{"line":4,"column":22},"end":{"line":15,"column":2}},"2":{"start":{"line":17,"column":9},"end":{"line":17,"column":22}}},"fnMap":{},"branchMap":{},"s":{"0":1,"1":1,"2":1},"f":{},"b":{}}
,"/home/ladysun/dev/lionmiss-back/src/model/mongoose/schemas/schemaCart.ts": {"path":"/home/ladysun/dev/lionmiss-back/src/model/mongoose/schemas/schemaCart.ts","statementMap":{"0":{"start":{"line":1,"column":0},"end":{"line":1,"column":34}},"1":{"start":{"line":3,"column":0},"end":{"line":3,"column":56}},"2":{"start":{"line":5,"column":19},"end":{"line":9,"column":2}},"3":{"start":{"line":11,"column":9},"end":{"line":11,"column":19}}},"fnMap":{},"branchMap":{},"s":{"0":1,"1":1,"2":1,"3":1},"f":{},"b":{}}
,"/home/ladysun/dev/lionmiss-back/src/model/mongoose/schemas/schemaCartProduct.ts": {"path":"/home/ladysun/dev/lionmiss-back/src/model/mongoose/schemas/schemaCartProduct.ts","statementMap":{"0":{"start":{"line":1,"column":0},"end":{"line":1,"column":34}},"1":{"start":{"line":2,"column":0},"end":{"line":2,"column":null}},"2":{"start":{"line":8,"column":0},"end":{"line":8,"column":48}},"3":{"start":{"line":10,"column":26},"end":{"line":15,"column":2}},"4":{"start":{"line":17,"column":9},"end":{"line":17,"column":26}}},"fnMap":{},"branchMap":{},"s":{"0":1,"1":1,"2":1,"3":1,"4":1},"f":{},"b":{}}
,"/home/ladysun/dev/lionmiss-back/src/model/mongoose/schemas/schemaCountry.ts": {"path":"/home/ladysun/dev/lionmiss-back/src/model/mongoose/schemas/schemaCountry.ts","statementMap":{"0":{"start":{"line":2,"column":0},"end":{"line":2,"column":34}},"1":{"start":{"line":4,"column":22},"end":{"line":9,"column":2}},"2":{"start":{"line":11,"column":9},"end":{"line":11,"column":22}}},"fnMap":{},"branchMap":{},"s":{"0":1,"1":1,"2":1},"f":{},"b":{}}
,"/home/ladysun/dev/lionmiss-back/src/model/mongoose/schemas/schemaImg.ts": {"path":"/home/ladysun/dev/lionmiss-back/src/model/mongoose/schemas/schemaImg.ts","statementMap":{"0":{"start":{"line":1,"column":0},"end":{"line":1,"column":34}},"1":{"start":{"line":4,"column":18},"end":{"line":9,"column":2}},"2":{"start":{"line":11,"column":9},"end":{"line":11,"column":18}}},"fnMap":{},"branchMap":{},"s":{"0":1,"1":1,"2":1},"f":{},"b":{}}
,"/home/ladysun/dev/lionmiss-back/src/model/mongoose/schemas/schemaLocale.ts": {"path":"/home/ladysun/dev/lionmiss-back/src/model/mongoose/schemas/schemaLocale.ts","statementMap":{"0":{"start":{"line":1,"column":0},"end":{"line":1,"column":34}},"1":{"start":{"line":4,"column":21},"end":{"line":6,"column":2}},"2":{"start":{"line":8,"column":9},"end":{"line":8,"column":21}}},"fnMap":{},"branchMap":{},"s":{"0":1,"1":1,"2":1},"f":{},"b":{}}
,"/home/ladysun/dev/lionmiss-back/src/model/mongoose/schemas/schemaMeasures.ts": {"path":"/home/ladysun/dev/lionmiss-back/src/model/mongoose/schemas/schemaMeasures.ts","statementMap":{"0":{"start":{"line":1,"column":0},"end":{"line":1,"column":34}},"1":{"start":{"line":4,"column":23},"end":{"line":9,"column":2}},"2":{"start":{"line":11,"column":9},"end":{"line":11,"column":23}}},"fnMap":{},"branchMap":{},"s":{"0":1,"1":1,"2":1},"f":{},"b":{}}
,"/home/ladysun/dev/lionmiss-back/src/model/mongoose/schemas/schemaProduct.ts": {"path":"/home/ladysun/dev/lionmiss-back/src/model/mongoose/schemas/schemaProduct.ts","statementMap":{"0":{"start":{"line":1,"column":0},"end":{"line":1,"column":34}},"1":{"start":{"line":3,"column":0},"end":{"line":3,"column":58}},"2":{"start":{"line":4,"column":0},"end":{"line":4,"column":40}},"3":{"start":{"line":6,"column":22},"end":{"line":14,"column":2}},"4":{"start":{"line":16,"column":9},"end":{"line":16,"column":22}}},"fnMap":{},"branchMap":{},"s":{"0":1,"1":1,"2":1,"3":1,"4":1},"f":{},"b":{}}
,"/home/ladysun/dev/lionmiss-back/src/model/mongoose/schemas/schemaProductProps.ts": {"path":"/home/ladysun/dev/lionmiss-back/src/model/mongoose/schemas/schemaProductProps.ts","statementMap":{"0":{"start":{"line":1,"column":0},"end":{"line":1,"column":34}},"1":{"start":{"line":4,"column":27},"end":{"line":7,"column":2}},"2":{"start":{"line":9,"column":9},"end":{"line":9,"column":27}}},"fnMap":{},"branchMap":{},"s":{"0":1,"1":1,"2":1},"f":{},"b":{}}
,"/home/ladysun/dev/lionmiss-back/src/model/mongoose/schemas/schemaShipping.ts": {"path":"/home/ladysun/dev/lionmiss-back/src/model/mongoose/schemas/schemaShipping.ts","statementMap":{"0":{"start":{"line":1,"column":0},"end":{"line":1,"column":34}},"1":{"start":{"line":3,"column":0},"end":{"line":3,"column":42}},"2":{"start":{"line":5,"column":23},"end":{"line":12,"column":2}},"3":{"start":{"line":14,"column":9},"end":{"line":14,"column":23}}},"fnMap":{},"branchMap":{},"s":{"0":1,"1":1,"2":1,"3":1},"f":{},"b":{}}
,"/home/ladysun/dev/lionmiss-back/src/model/mongoose/schemas/schemaUser.ts": {"path":"/home/ladysun/dev/lionmiss-back/src/model/mongoose/schemas/schemaUser.ts","statementMap":{"0":{"start":{"line":1,"column":0},"end":{"line":1,"column":34}},"1":{"start":{"line":3,"column":0},"end":{"line":3,"column":50}},"2":{"start":{"line":4,"column":0},"end":{"line":4,"column":48}},"3":{"start":{"line":6,"column":19},"end":{"line":14,"column":2}},"4":{"start":{"line":16,"column":9},"end":{"line":16,"column":19}}},"fnMap":{},"branchMap":{},"s":{"0":1,"1":1,"2":1,"3":1,"4":1},"f":{},"b":{}}
,"/home/ladysun/dev/lionmiss-back/src/model/mongoose/schemas/schemaUserInfo.ts": {"path":"/home/ladysun/dev/lionmiss-back/src/model/mongoose/schemas/schemaUserInfo.ts","statementMap":{"0":{"start":{"line":1,"column":0},"end":{"line":1,"column":42}},"1":{"start":{"line":2,"column":0},"end":{"line":2,"column":34}},"2":{"start":{"line":4,"column":0},"end":{"line":4,"column":42}},"3":{"start":{"line":6,"column":23},"end":{"line":10,"column":2}},"4":{"start":{"line":11,"column":9},"end":{"line":11,"column":23}}},"fnMap":{},"branchMap":{},"s":{"0":1,"1":1,"2":1,"3":1,"4":1},"f":{},"b":{}}
}
