TN:
SF:src/model/LMBCart.ts
FNF:0
FNH:0
DA:1,1
DA:2,1
DA:9,1
DA:11,1
DA:18,1
DA:24,1
DA:26,1
LF:7
LH:7
BRF:0
BRH:0
end_of_record
TN:
SF:src/model/LMBCountry.ts
FNF:0
FNH:0
DA:1,1
DA:4,1
DA:11,1
DA:13,1
LF:4
LH:4
BRF:0
BRH:0
end_of_record
TN:
SF:src/model/LMBProduct.ts
FNF:0
FNH:0
DA:1,1
DA:4,1
DA:11,1
DA:16,1
DA:26,1
DA:28,1
LF:6
LH:6
BRF:0
BRH:0
end_of_record
TN:
SF:src/model/LMBShipping.ts
FNF:0
FNH:0
DA:1,1
DA:3,1
DA:5,1
DA:14,1
DA:16,1
LF:5
LH:5
BRF:0
BRH:0
end_of_record
TN:
SF:src/model/LMBUser.ts
FNF:0
FNH:0
DA:1,1
DA:3,1
DA:5,1
DA:18,1
DA:25,1
DA:35,1
DA:41,1
DA:44,1
DA:45,1
DA:46,1
DA:47,1
DA:48,1
LF:12
LH:12
BRF:0
BRH:0
end_of_record
TN:
SF:src/model/index.ts
FN:1,(anonymous_0)
FN:1,(anonymous_1)
FN:1,(anonymous_2)
FN:2,(anonymous_3)
FN:2,(anonymous_4)
FN:4,(anonymous_5)
FN:5,(anonymous_6)
FN:6,(anonymous_7)
FN:7,(anonymous_8)
FN:9,(anonymous_9)
FN:9,(anonymous_10)
FN:11,(anonymous_11)
FN:12,(anonymous_12)
FN:13,(anonymous_13)
FN:14,(anonymous_14)
FN:15,(anonymous_15)
FNF:16
FNH:1
FNDA:0,(anonymous_0)
FNDA:0,(anonymous_1)
FNDA:1,(anonymous_2)
FNDA:0,(anonymous_3)
FNDA:0,(anonymous_4)
FNDA:0,(anonymous_5)
FNDA:0,(anonymous_6)
FNDA:0,(anonymous_7)
FNDA:0,(anonymous_8)
FNDA:0,(anonymous_9)
FNDA:0,(anonymous_10)
FNDA:0,(anonymous_11)
FNDA:0,(anonymous_12)
FNDA:0,(anonymous_13)
FNDA:0,(anonymous_14)
FNDA:0,(anonymous_15)
DA:1,2
DA:2,1
DA:3,1
DA:4,1
DA:5,1
DA:6,1
DA:7,1
DA:9,1
DA:10,1
DA:11,1
DA:12,1
DA:13,1
DA:14,1
DA:15,1
LF:14
LH:14
BRF:0
BRH:0
end_of_record
TN:
SF:src/test/model/db.ts
FN:6,setUp
FN:12,dropDb
FN:18,dropColls
FN:20,(anonymous_13)
FN:20,(anonymous_14)
FNF:5
FNH:5
FNDA:1,setUp
FNDA:1,dropDb
FNDA:1,dropColls
FNDA:5,(anonymous_13)
FNDA:5,(anonymous_14)
DA:1,1
DA:2,1
DA:7,1
DA:8,1
DA:9,1
DA:13,1
DA:14,1
DA:15,1
DA:19,1
DA:20,5
DA:21,5
DA:25,1
LF:12
LH:12
BRF:0
BRH:0
end_of_record
TN:
SF:src/test/model/fixtures.ts
FNF:0
FNH:0
DA:1,1
DA:2,1
DA:15,1
DA:22,1
DA:45,1
DA:50,1
DA:63,1
DA:77,1
DA:84,1
DA:93,1
LF:10
LH:10
BRF:0
BRH:0
end_of_record
